<?xml version="1.0" encoding="UTF-8"?>
<!-- Generated by org.testng.reporters.JUnitReportReporter -->
<testsuite hostname="Raj" failures="0" tests="1" name="com.comcast.crm.grouptest.CreateOrgTest" time="8.811" errors="0" timestamp="2024-06-28T09:27:25 IST" skipped="0">
  <testcase classname="com.comcast.crm.grouptest.CreateOrgTest" name="CreateOrgWithNameTest" time="8.811"/>
  <system-out/>
</testsuite> <!-- com.comcast.crm.grouptest.CreateOrgTest -->
