<?xml version="1.0" encoding="UTF-8"?>
<!-- Generated by org.testng.reporters.JUnitReportReporter -->
<testsuite hostname="Raj" failures="0" tests="1" name="com.comcast.crm.grouptest.CreateContactTest" time="8.093" errors="0" timestamp="2024-06-28T09:27:25 IST" skipped="0">
  <testcase classname="com.comcast.crm.grouptest.CreateContactTest" name="CreateContactWithMandatoryTest" time="8.093"/>
  <system-out/>
</testsuite> <!-- com.comcast.crm.grouptest.CreateContactTest -->
