<?xml version="1.0" encoding="UTF-8"?>
<!-- Generated by org.testng.reporters.JUnitReportReporter -->
<testsuite hostname="Raj" failures="0" tests="1" name="com.comcast.crm.grouptest.CreateContactTest" time="11.489" errors="0" timestamp="2024-06-27T18:52:23 IST" skipped="0">
  <testcase classname="com.comcast.crm.grouptest.CreateContactTest" name="createContactWithOrg" time="11.489"/>
  <system-out/>
</testsuite> <!-- com.comcast.crm.grouptest.CreateContactTest -->
