<?xml version="1.0" encoding="UTF-8"?>
<!-- Generated by org.testng.reporters.JUnitReportReporter -->
<testsuite hostname="Raj" failures="0" tests="3" name="com.comcast.crm.grouptest.CreateOrgTest" time="19.421" errors="0" timestamp="2024-06-27T16:30:34 IST" skipped="0">
  <testcase classname="com.comcast.crm.grouptest.CreateOrgTest" name="CreateOrgWithNameTest" time="6.304"/>
  <system-out/>
  <testcase classname="com.comcast.crm.grouptest.CreateOrgTest" name="createOrgWithIndustryType" time="5.877"/>
  <system-out/>
  <testcase classname="com.comcast.crm.grouptest.CreateOrgTest" name="createWithPhoneNum" time="7.240"/>
  <system-out/>
</testsuite> <!-- com.comcast.crm.grouptest.CreateOrgTest -->
